[35m[Appium][39m Welcome to Appium v1.22.3
[35m[Appium][39m Non-default server args:
[35m[Appium][39m   port: 60280
[35m[Appium][39m   loglevel: info
[35m[Appium][39m   tmpDir: C:\Users\Mazway\AppData\Local\Temp\\Katalon\Appium\Temp1670019046492
[35m[Appium][39m   chromedriverPort: 60281
[35m[Appium][39m Deprecated server args:
[35m[Appium][39m   [31m--chromedriver-port[39m => --default-capabilities
[35m[Appium][39m Default capabilities, which will be added to each request unless overridden by desired capabilities:
[35m[Appium][39m   chromedriverPort: 60281
[35m[Appium][39m Appium REST http interface listener started on 0.0.0.0:60280
[35m[HTTP][39m [37m-->[39m [37mGET[39m [37m/wd/hub/status[39m
[35m[HTTP][39m [90m{}[39m
[35m[HTTP][39m [37m<-- GET /wd/hub/status [39m[32m200[39m [90m6 ms - 68[39m
[35m[HTTP][39m [90m[39m
[35m[HTTP][39m [37m-->[39m [37mPOST[39m [37m/wd/hub/session[39m
[35m[HTTP][39m [90m{"desiredCapabilities":{"appActivity":".Settings","appPackage":"com.android.settings","newCommandTimeout":1800,"platformVersion":"10","automationName":"uiautomator2","autoGrantPermissions":true,"platformName":"Android","udid":"emulator-5554","deviceName":"emulator-5554 (Android SDK built for x86 - Android 10)","platform":"ANDROID","systemPort":8279},"capabilities":{"firstMatch":[{"appium:appActivity":".Settings","appium:appPackage":"com.android.settings","appium:autoGrantPermissions":true,"appium:automationName":"uiautomator2","appium:deviceName":"emulator-5554 (Android SDK built for x86 - Android 10)","appium:newCommandTimeout":1800,"platform":"ANDROID","platformName":"android","appium:platformVersion":"10","appium:systemPort":8279,"appium:udid":"emulator-5554"}]}}[39m
[35m[BaseDriver][39m The following capabilities are not standard capabilities and should have an extension prefix:
[35m[BaseDriver][39m   platform
[35m[BaseDriver][39m   chromedriverPort
[35m[Appium][39m Appium v1.22.3 creating new AndroidUiautomator2Driver (v1.70.1) session
[35m[BaseDriver][39m The following capabilities were provided, but are not recognized by Appium:
[35m[BaseDriver][39m   platform
[35m[BaseDriver][39m Session created with session id: 21cc2108-994d-4f04-acc0-7c4264fbd6c6
[35m[UiAutomator2][39m Starting 'com.android.settings' directly on the device
[35m[ADB][39m Found 3 'build-tools' folders under 'C:\Users\Mazway\AppData\Local\Android\Sdk' (newest first):
[35m[ADB][39m     C:/Users/Mazway/AppData/Local/Android/Sdk/build-tools/33.0.1
[35m[ADB][39m     C:/Users/Mazway/AppData/Local/Android/Sdk/build-tools/33.0.0
[35m[ADB][39m     C:/Users/Mazway/AppData/Local/Android/Sdk/build-tools/30.0.3
[35m[ADB][39m Using 'adb.exe' from 'C:\Users\Mazway\AppData\Local\Android\Sdk\platform-tools\adb.exe'
[35m[AndroidDriver][39m Retrieving device list
[35m[AndroidDriver][39m Using device: emulator-5554
[35m[ADB][39m Using 'adb.exe' from 'C:\Users\Mazway\AppData\Local\Android\Sdk\platform-tools\adb.exe'
[35m[ADB][39m Getting device platform version
[35m[UiAutomator2][39m Relaxing hidden api policy
[35m[AndroidDriver][39m No app sent in, not parsing package/activity
[35m[ADB][39m Using 'apksigner.jar' from 'C:\Users\Mazway\AppData\Local\Android\Sdk\build-tools\33.0.1\lib\apksigner.jar'
[35m[ADB][39m 'C:\Users\Mazway\AppData\Roaming\npm\node_modules\appium\node_modules\appium-uiautomator2-server\apks\appium-uiautomator2-server-v4.27.0.apk' is signed with the default certificate
[35m[ADB][39m 'C:\Users\Mazway\AppData\Roaming\npm\node_modules\appium\node_modules\appium-uiautomator2-server\apks\appium-uiautomator2-server-debug-androidTest.apk' is signed with the default certificate
[35m[UiAutomator2][39m Server packages are not going to be (re)installed
[35m[ADB][39m Adding packages ["io.appium.settings","io.appium.uiautomator2.server","io.appium.uiautomator2.server.test"] to Doze whitelist
[35m[UiAutomator2][39m Starting UIAutomator2 server 4.27.0
[35m[UiAutomator2][39m Using UIAutomator2 server from 'C:\Users\Mazway\AppData\Roaming\npm\node_modules\appium\node_modules\appium-uiautomator2-server\apks\appium-uiautomator2-server-v4.27.0.apk' and test from 'C:\Users\Mazway\AppData\Roaming\npm\node_modules\appium\node_modules\appium-uiautomator2-server\apks\appium-uiautomator2-server-debug-androidTest.apk'
[35m[UiAutomator2][39m Waiting up to 30000ms for UiAutomator2 to be online...
[35m[WD Proxy][39m socket hang up
[35m[WD Proxy][39m socket hang up
[35m[WD Proxy][39m Determined the downstream protocol as 'W3C'
[35m[AndroidDriver][39m Screen already unlocked, doing nothing
[35m[UiAutomator2][39m Starting 'com.android.settings/.Settings and waiting for 'com.android.settings/.Settings'
[35m[Appium][39m New AndroidUiautomator2Driver session created successfully, session 21cc2108-994d-4f04-acc0-7c4264fbd6c6 added to master session list
[35m[HTTP][39m [37m<-- POST /wd/hub/session [39m[32m200[39m [90m6019 ms - 1207[39m
[35m[HTTP][39m [90m[39m
[35m[HTTP][39m [37m-->[39m [37mGET[39m [37m/wd/hub/session/21cc2108-994d-4f04-acc0-7c4264fbd6c6[39m
[35m[HTTP][39m [90m{}[39m
[35m[HTTP][39m [37m<-- GET /wd/hub/session/21cc2108-994d-4f04-acc0-7c4264fbd6c6 [39m[32m200[39m [90m10 ms - 1161[39m
[35m[HTTP][39m [90m[39m
[35m[HTTP][39m [37m-->[39m [37mGET[39m [37m/wd/hub/session/21cc2108-994d-4f04-acc0-7c4264fbd6c6[39m
[35m[HTTP][39m [90m{}[39m
[35m[HTTP][39m [37m<-- GET /wd/hub/session/21cc2108-994d-4f04-acc0-7c4264fbd6c6 [39m[32m200[39m [90m8 ms - 1161[39m
[35m[HTTP][39m [90m[39m
[35m[HTTP][39m [37m-->[39m [37mGET[39m [37m/wd/hub/status[39m
[35m[HTTP][39m [90m{}[39m
[35m[HTTP][39m [37m<-- GET /wd/hub/status [39m[32m200[39m [90m1 ms - 68[39m
[35m[HTTP][39m [90m[39m
[35m[HTTP][39m [37m-->[39m [37mPOST[39m [37m/wd/hub/session/21cc2108-994d-4f04-acc0-7c4264fbd6c6/timeouts[39m
[35m[HTTP][39m [90m{"implicit":30000}[39m
[35m[HTTP][39m [37m<-- POST /wd/hub/session/21cc2108-994d-4f04-acc0-7c4264fbd6c6/timeouts [39m[32m200[39m [90m3 ms - 14[39m
[35m[HTTP][39m [90m[39m
[35m[HTTP][39m [37m-->[39m [37mGET[39m [37m/wd/hub/session/21cc2108-994d-4f04-acc0-7c4264fbd6c6/screenshot[39m
[35m[HTTP][39m [90m{}[39m
[35m[HTTP][39m [37m<-- GET /wd/hub/session/21cc2108-994d-4f04-acc0-7c4264fbd6c6/screenshot [39m[32m200[39m [90m397 ms - 266994[39m
[35m[HTTP][39m [90m[39m
[35m[HTTP][39m [37m-->[39m [37mGET[39m [37m/wd/hub/session/21cc2108-994d-4f04-acc0-7c4264fbd6c6/window/rect[39m
[35m[HTTP][39m [90m{}[39m
[35m[HTTP][39m [37m<-- GET /wd/hub/session/21cc2108-994d-4f04-acc0-7c4264fbd6c6/window/rect [39m[32m200[39m [90m19 ms - 50[39m
[35m[HTTP][39m [90m[39m
[35m[HTTP][39m [37m-->[39m [37mGET[39m [37m/wd/hub/session/21cc2108-994d-4f04-acc0-7c4264fbd6c6/appium/device/system_bars[39m
[35m[HTTP][39m [90m{}[39m
[35m[HTTP][39m [37m<-- GET /wd/hub/session/21cc2108-994d-4f04-acc0-7c4264fbd6c6/appium/device/system_bars [39m[32m200[39m [90m85 ms - 148[39m
[35m[HTTP][39m [90m[39m
[35m[HTTP][39m [37m-->[39m [37mPOST[39m [37m/wd/hub/session/21cc2108-994d-4f04-acc0-7c4264fbd6c6/appium/device/activate_app[39m
[35m[HTTP][39m [90m{"bundleId":"com.samsung.ecomm"}[39m
[35m[HTTP][39m [37m<-- POST /wd/hub/session/21cc2108-994d-4f04-acc0-7c4264fbd6c6/appium/device/activate_app [39m[32m200[39m [90m295 ms - 14[39m
[35m[HTTP][39m [90m[39m
[35m[HTTP][39m [37m-->[39m [37mGET[39m [37m/wd/hub/session/21cc2108-994d-4f04-acc0-7c4264fbd6c6/context[39m
[35m[HTTP][39m [90m{}[39m
[35m[HTTP][39m [37m<-- GET /wd/hub/session/21cc2108-994d-4f04-acc0-7c4264fbd6c6/context [39m[32m200[39m [90m2 ms - 22[39m
[35m[HTTP][39m [90m[39m
[35m[HTTP][39m [37m-->[39m [37mGET[39m [37m/wd/hub/session/21cc2108-994d-4f04-acc0-7c4264fbd6c6/contexts[39m
[35m[HTTP][39m [90m{}[39m
[35m[HTTP][39m [37m<-- GET /wd/hub/session/21cc2108-994d-4f04-acc0-7c4264fbd6c6/contexts [39m[32m200[39m [90m193 ms - 52[39m
[35m[HTTP][39m [90m[39m
[35m[HTTP][39m [37m-->[39m [37mPOST[39m [37m/wd/hub/session/21cc2108-994d-4f04-acc0-7c4264fbd6c6/context[39m
[35m[HTTP][39m [90m{"name":"NATIVE_APP"}[39m
[35m[HTTP][39m [37m<-- POST /wd/hub/session/21cc2108-994d-4f04-acc0-7c4264fbd6c6/context [39m[32m200[39m [90m2 ms - 14[39m
[35m[HTTP][39m [90m[39m
[35m[HTTP][39m [37m-->[39m [37mPOST[39m [37m/wd/hub/session/21cc2108-994d-4f04-acc0-7c4264fbd6c6/touch/perform[39m
[35m[HTTP][39m [90m{"actions":[{"action":"press","options":{"x":700,"y":900}},{"action":"wait","options":{"ms":500}},{"action":"moveTo","options":{"x":50,"y":900}},{"action":"release","options":{}}]}[39m
[35m[HTTP][39m [37m<-- POST /wd/hub/session/21cc2108-994d-4f04-acc0-7c4264fbd6c6/touch/perform [39m[32m200[39m [90m1081 ms - 14[39m
[35m[HTTP][39m [90m[39m
[35m[HTTP][39m [37m-->[39m [37mPOST[39m [37m/wd/hub/session/21cc2108-994d-4f04-acc0-7c4264fbd6c6/context[39m
[35m[HTTP][39m [90m{"name":"NATIVE_APP"}[39m
[35m[HTTP][39m [37m<-- POST /wd/hub/session/21cc2108-994d-4f04-acc0-7c4264fbd6c6/context [39m[32m200[39m [90m2 ms - 14[39m
[35m[HTTP][39m [90m[39m
[35m[HTTP][39m [37m-->[39m [37mPOST[39m [37m/wd/hub/session/21cc2108-994d-4f04-acc0-7c4264fbd6c6/timeouts[39m
[35m[HTTP][39m [90m{"implicit":50}[39m
[35m[HTTP][39m [37m<-- POST /wd/hub/session/21cc2108-994d-4f04-acc0-7c4264fbd6c6/timeouts [39m[32m200[39m [90m2 ms - 14[39m
[35m[HTTP][39m [90m[39m
[35m[HTTP][39m [37m-->[39m [37mGET[39m [37m/wd/hub/session/21cc2108-994d-4f04-acc0-7c4264fbd6c6/window/rect[39m
[35m[HTTP][39m [90m{}[39m
[35m[HTTP][39m [37m<-- GET /wd/hub/session/21cc2108-994d-4f04-acc0-7c4264fbd6c6/window/rect [39m[32m200[39m [90m11 ms - 50[39m
[35m[HTTP][39m [90m[39m
[35m[HTTP][39m [37m-->[39m [37mPOST[39m [37m/wd/hub/session/21cc2108-994d-4f04-acc0-7c4264fbd6c6/elements[39m
[35m[HTTP][39m [90m{"using":"xpath","value":"//*[@class = 'android.widget.TextView' and (@text = 'GET STARTED' or . = 'GET STARTED') and @resource-id = 'com.samsung.ecomm:id/nav_text']"}[39m
[35m[HTTP][39m [37m<-- POST /wd/hub/session/21cc2108-994d-4f04-acc0-7c4264fbd6c6/elements [39m[32m200[39m [90m1295 ms - 139[39m
[35m[HTTP][39m [90m[39m
[35m[HTTP][39m [37m-->[39m [37mGET[39m [37m/wd/hub/session/21cc2108-994d-4f04-acc0-7c4264fbd6c6/element/00000000-0000-0118-ffff-ffff000000a7/location[39m
[35m[HTTP][39m [90m{}[39m
[35m[W3C (21cc2108)][39m Driver proxy active, passing request on via HTTP proxy
[35m[WD Proxy][39m Replacing sessionId 9e50bd97-c08a-446a-abe2-b4d661738d75 with 21cc2108-994d-4f04-acc0-7c4264fbd6c6
[35m[HTTP][39m [37m<-- GET /wd/hub/session/21cc2108-994d-4f04-acc0-7c4264fbd6c6/element/00000000-0000-0118-ffff-ffff000000a7/location [39m[32m200[39m [90m15 ms - 79[39m
[35m[HTTP][39m [90m[39m
[35m[HTTP][39m [37m-->[39m [37mPOST[39m [37m/wd/hub/session/21cc2108-994d-4f04-acc0-7c4264fbd6c6/timeouts[39m
[35m[HTTP][39m [90m{"implicit":30000}[39m
[35m[HTTP][39m [37m<-- POST /wd/hub/session/21cc2108-994d-4f04-acc0-7c4264fbd6c6/timeouts [39m[32m200[39m [90m1 ms - 14[39m
[35m[HTTP][39m [90m[39m
[35m[HTTP][39m [37m-->[39m [37mPOST[39m [37m/wd/hub/session/21cc2108-994d-4f04-acc0-7c4264fbd6c6/element/00000000-0000-0118-ffff-ffff000000a7/click[39m
[35m[HTTP][39m [90m{"id":"00000000-0000-0118-ffff-ffff000000a7"}[39m
[35m[HTTP][39m [37m<-- POST /wd/hub/session/21cc2108-994d-4f04-acc0-7c4264fbd6c6/element/00000000-0000-0118-ffff-ffff000000a7/click [39m[32m200[39m [90m35 ms - 14[39m
[35m[HTTP][39m [90m[39m
[35m[HTTP][39m [37m-->[39m [37mPOST[39m [37m/wd/hub/session/21cc2108-994d-4f04-acc0-7c4264fbd6c6/timeouts[39m
[35m[HTTP][39m [90m{"implicit":50}[39m
[35m[HTTP][39m [37m<-- POST /wd/hub/session/21cc2108-994d-4f04-acc0-7c4264fbd6c6/timeouts [39m[32m200[39m [90m1 ms - 14[39m
[35m[HTTP][39m [90m[39m
[35m[HTTP][39m [37m-->[39m [37mGET[39m [37m/wd/hub/session/21cc2108-994d-4f04-acc0-7c4264fbd6c6/window/rect[39m
[35m[HTTP][39m [90m{}[39m
[35m[HTTP][39m [37m<-- GET /wd/hub/session/21cc2108-994d-4f04-acc0-7c4264fbd6c6/window/rect [39m[32m200[39m [90m15 ms - 50[39m
[35m[HTTP][39m [90m[39m
[35m[HTTP][39m [37m-->[39m [37mPOST[39m [37m/wd/hub/session/21cc2108-994d-4f04-acc0-7c4264fbd6c6/elements[39m
[35m[HTTP][39m [90m{"using":"xpath","value":"//*[@class = 'android.widget.ImageView' and @resource-id = 'com.samsung.ecomm:id/btn_close' and (@text = '' or . = '')]"}[39m
[35m[HTTP][39m [37m<-- POST /wd/hub/session/21cc2108-994d-4f04-acc0-7c4264fbd6c6/elements [39m[32m200[39m [90m792 ms - 139[39m
[35m[HTTP][39m [90m[39m
[35m[HTTP][39m [37m-->[39m [37mGET[39m [37m/wd/hub/session/21cc2108-994d-4f04-acc0-7c4264fbd6c6/element/00000000-0000-0117-ffff-ffff0000019c/location[39m
[35m[HTTP][39m [90m{}[39m
[35m[W3C (21cc2108)][39m Driver proxy active, passing request on via HTTP proxy
[35m[WD Proxy][39m Replacing sessionId 9e50bd97-c08a-446a-abe2-b4d661738d75 with 21cc2108-994d-4f04-acc0-7c4264fbd6c6
[35m[HTTP][39m [37m<-- GET /wd/hub/session/21cc2108-994d-4f04-acc0-7c4264fbd6c6/element/00000000-0000-0117-ffff-ffff0000019c/location [39m[32m200[39m [90m2196 ms - 78[39m
[35m[HTTP][39m [90m[39m
[35m[HTTP][39m [37m-->[39m [37mPOST[39m [37m/wd/hub/session/21cc2108-994d-4f04-acc0-7c4264fbd6c6/timeouts[39m
[35m[HTTP][39m [90m{"implicit":30000}[39m
[35m[HTTP][39m [37m<-- POST /wd/hub/session/21cc2108-994d-4f04-acc0-7c4264fbd6c6/timeouts [39m[32m200[39m [90m1 ms - 14[39m
[35m[HTTP][39m [90m[39m
[35m[HTTP][39m [37m-->[39m [37mPOST[39m [37m/wd/hub/session/21cc2108-994d-4f04-acc0-7c4264fbd6c6/element/00000000-0000-0117-ffff-ffff0000019c/click[39m
[35m[HTTP][39m [90m{"id":"00000000-0000-0117-ffff-ffff0000019c"}[39m
[35m[HTTP][39m [37m<-- POST /wd/hub/session/21cc2108-994d-4f04-acc0-7c4264fbd6c6/element/00000000-0000-0117-ffff-ffff0000019c/click [39m[32m200[39m [90m61 ms - 14[39m
[35m[HTTP][39m [90m[39m
[35m[HTTP][39m [37m-->[39m [37mPOST[39m [37m/wd/hub/session/21cc2108-994d-4f04-acc0-7c4264fbd6c6/timeouts[39m
[35m[HTTP][39m [90m{"implicit":50}[39m
[35m[HTTP][39m [37m<-- POST /wd/hub/session/21cc2108-994d-4f04-acc0-7c4264fbd6c6/timeouts [39m[32m200[39m [90m2 ms - 14[39m
[35m[HTTP][39m [90m[39m
[35m[HTTP][39m [37m-->[39m [37mGET[39m [37m/wd/hub/session/21cc2108-994d-4f04-acc0-7c4264fbd6c6/window/rect[39m
[35m[HTTP][39m [90m{}[39m
[35m[HTTP][39m [37m<-- GET /wd/hub/session/21cc2108-994d-4f04-acc0-7c4264fbd6c6/window/rect [39m[32m200[39m [90m22 ms - 50[39m
[35m[HTTP][39m [90m[39m
[35m[HTTP][39m [37m-->[39m [37mPOST[39m [37m/wd/hub/session/21cc2108-994d-4f04-acc0-7c4264fbd6c6/elements[39m
[35m[HTTP][39m [90m{"using":"xpath","value":"//*[@class = 'android.widget.TextView' and (@text = 'SHOP' or . = 'SHOP')]"}[39m
[35m[HTTP][39m [37m<-- POST /wd/hub/session/21cc2108-994d-4f04-acc0-7c4264fbd6c6/elements [39m[32m200[39m [90m909 ms - 139[39m
[35m[HTTP][39m [90m[39m
[35m[HTTP][39m [37m-->[39m [37mGET[39m [37m/wd/hub/session/21cc2108-994d-4f04-acc0-7c4264fbd6c6/element/00000000-0000-0117-ffff-ffff0000001a/location[39m
[35m[HTTP][39m [90m{}[39m
[35m[W3C (21cc2108)][39m Driver proxy active, passing request on via HTTP proxy
[35m[WD Proxy][39m Replacing sessionId 9e50bd97-c08a-446a-abe2-b4d661738d75 with 21cc2108-994d-4f04-acc0-7c4264fbd6c6
[35m[HTTP][39m [37m<-- GET /wd/hub/session/21cc2108-994d-4f04-acc0-7c4264fbd6c6/element/00000000-0000-0117-ffff-ffff0000001a/location [39m[32m200[39m [90m13 ms - 78[39m
[35m[HTTP][39m [90m[39m
[35m[HTTP][39m [37m-->[39m [37mPOST[39m [37m/wd/hub/session/21cc2108-994d-4f04-acc0-7c4264fbd6c6/timeouts[39m
[35m[HTTP][39m [90m{"implicit":30000}[39m
[35m[HTTP][39m [37m<-- POST /wd/hub/session/21cc2108-994d-4f04-acc0-7c4264fbd6c6/timeouts [39m[32m200[39m [90m1 ms - 14[39m
[35m[HTTP][39m [90m[39m
[35m[HTTP][39m [37m-->[39m [37mPOST[39m [37m/wd/hub/session/21cc2108-994d-4f04-acc0-7c4264fbd6c6/element/00000000-0000-0117-ffff-ffff0000001a/click[39m
[35m[HTTP][39m [90m{"id":"00000000-0000-0117-ffff-ffff0000001a"}[39m
[35m[HTTP][39m [37m<-- POST /wd/hub/session/21cc2108-994d-4f04-acc0-7c4264fbd6c6/element/00000000-0000-0117-ffff-ffff0000001a/click [39m[32m200[39m [90m47 ms - 14[39m
[35m[HTTP][39m [90m[39m
[35m[HTTP][39m [37m-->[39m [37mPOST[39m [37m/wd/hub/session/21cc2108-994d-4f04-acc0-7c4264fbd6c6/timeouts[39m
[35m[HTTP][39m [90m{"implicit":50}[39m
[35m[HTTP][39m [37m<-- POST /wd/hub/session/21cc2108-994d-4f04-acc0-7c4264fbd6c6/timeouts [39m[32m200[39m [90m1 ms - 14[39m
[35m[HTTP][39m [90m[39m
[35m[HTTP][39m [37m-->[39m [37mGET[39m [37m/wd/hub/session/21cc2108-994d-4f04-acc0-7c4264fbd6c6/window/rect[39m
[35m[HTTP][39m [90m{}[39m
[35m[HTTP][39m [37m<-- GET /wd/hub/session/21cc2108-994d-4f04-acc0-7c4264fbd6c6/window/rect [39m[32m200[39m [90m10 ms - 50[39m
[35m[HTTP][39m [90m[39m
[35m[HTTP][39m [37m-->[39m [37mPOST[39m [37m/wd/hub/session/21cc2108-994d-4f04-acc0-7c4264fbd6c6/elements[39m
[35m[HTTP][39m [90m{"using":"xpath","value":"//*[@class = 'android.widget.ImageView' and @index = '1' and @resource-id = 'com.samsung.ecomm:id/category_image']"}[39m
[35m[HTTP][39m [37m<-- POST /wd/hub/session/21cc2108-994d-4f04-acc0-7c4264fbd6c6/elements [39m[32m200[39m [90m104 ms - 395[39m
[35m[HTTP][39m [90m[39m
[35m[HTTP][39m [37m-->[39m [37mGET[39m [37m/wd/hub/session/21cc2108-994d-4f04-acc0-7c4264fbd6c6/element/00000000-0000-0117-ffff-ffff00000370/location[39m
[35m[HTTP][39m [90m{}[39m
[35m[W3C (21cc2108)][39m Driver proxy active, passing request on via HTTP proxy
[35m[WD Proxy][39m Replacing sessionId 9e50bd97-c08a-446a-abe2-b4d661738d75 with 21cc2108-994d-4f04-acc0-7c4264fbd6c6
[35m[HTTP][39m [37m<-- GET /wd/hub/session/21cc2108-994d-4f04-acc0-7c4264fbd6c6/element/00000000-0000-0117-ffff-ffff00000370/location [39m[32m200[39m [90m15 ms - 77[39m
[35m[HTTP][39m [90m[39m
[35m[HTTP][39m [37m-->[39m [37mPOST[39m [37m/wd/hub/session/21cc2108-994d-4f04-acc0-7c4264fbd6c6/timeouts[39m
[35m[HTTP][39m [90m{"implicit":30000}[39m
[35m[HTTP][39m [37m<-- POST /wd/hub/session/21cc2108-994d-4f04-acc0-7c4264fbd6c6/timeouts [39m[32m200[39m [90m1 ms - 14[39m
[35m[HTTP][39m [90m[39m
[35m[HTTP][39m [37m-->[39m [37mPOST[39m [37m/wd/hub/session/21cc2108-994d-4f04-acc0-7c4264fbd6c6/element/00000000-0000-0117-ffff-ffff00000370/click[39m
[35m[HTTP][39m [90m{"id":"00000000-0000-0117-ffff-ffff00000370"}[39m
[35m[HTTP][39m [37m<-- POST /wd/hub/session/21cc2108-994d-4f04-acc0-7c4264fbd6c6/element/00000000-0000-0117-ffff-ffff00000370/click [39m[32m200[39m [90m51 ms - 14[39m
[35m[HTTP][39m [90m[39m
[35m[HTTP][39m [37m-->[39m [37mPOST[39m [37m/wd/hub/session/21cc2108-994d-4f04-acc0-7c4264fbd6c6/timeouts[39m
[35m[HTTP][39m [90m{"implicit":50}[39m
[35m[HTTP][39m [37m<-- POST /wd/hub/session/21cc2108-994d-4f04-acc0-7c4264fbd6c6/timeouts [39m[32m200[39m [90m1 ms - 14[39m
[35m[HTTP][39m [90m[39m
[35m[HTTP][39m [37m-->[39m [37mGET[39m [37m/wd/hub/session/21cc2108-994d-4f04-acc0-7c4264fbd6c6/window/rect[39m
[35m[HTTP][39m [90m{}[39m
[35m[HTTP][39m [37m<-- GET /wd/hub/session/21cc2108-994d-4f04-acc0-7c4264fbd6c6/window/rect [39m[32m200[39m [90m11 ms - 50[39m
[35m[HTTP][39m [90m[39m
[35m[HTTP][39m [37m-->[39m [37mPOST[39m [37m/wd/hub/session/21cc2108-994d-4f04-acc0-7c4264fbd6c6/elements[39m
[35m[HTTP][39m [90m{"using":"xpath","value":"//*[@class = 'android.widget.ImageView' and @index = '1' and @resource-id = 'com.samsung.ecomm:id/category_image']"}[39m
[35m[HTTP][39m [37m<-- POST /wd/hub/session/21cc2108-994d-4f04-acc0-7c4264fbd6c6/elements [39m[32m200[39m [90m911 ms - 779[39m
[35m[HTTP][39m [90m[39m
[35m[HTTP][39m [37m-->[39m [37mGET[39m [37m/wd/hub/session/21cc2108-994d-4f04-acc0-7c4264fbd6c6/element/00000000-0000-0117-ffff-ffff000004d8/location[39m
[35m[HTTP][39m [90m{}[39m
[35m[W3C (21cc2108)][39m Driver proxy active, passing request on via HTTP proxy
[35m[WD Proxy][39m Replacing sessionId 9e50bd97-c08a-446a-abe2-b4d661738d75 with 21cc2108-994d-4f04-acc0-7c4264fbd6c6
[35m[HTTP][39m [37m<-- GET /wd/hub/session/21cc2108-994d-4f04-acc0-7c4264fbd6c6/element/00000000-0000-0117-ffff-ffff000004d8/location [39m[32m200[39m [90m12 ms - 76[39m
[35m[HTTP][39m [90m[39m
[35m[HTTP][39m [37m-->[39m [37mPOST[39m [37m/wd/hub/session/21cc2108-994d-4f04-acc0-7c4264fbd6c6/timeouts[39m
[35m[HTTP][39m [90m{"implicit":30000}[39m
[35m[HTTP][39m [37m<-- POST /wd/hub/session/21cc2108-994d-4f04-acc0-7c4264fbd6c6/timeouts [39m[32m200[39m [90m1 ms - 14[39m
[35m[HTTP][39m [90m[39m
[35m[HTTP][39m [37m-->[39m [37mPOST[39m [37m/wd/hub/session/21cc2108-994d-4f04-acc0-7c4264fbd6c6/element/00000000-0000-0117-ffff-ffff000004d8/click[39m
[35m[HTTP][39m [90m{"id":"00000000-0000-0117-ffff-ffff000004d8"}[39m
[35m[HTTP][39m [37m<-- POST /wd/hub/session/21cc2108-994d-4f04-acc0-7c4264fbd6c6/element/00000000-0000-0117-ffff-ffff000004d8/click [39m[32m200[39m [90m40 ms - 14[39m
[35m[HTTP][39m [90m[39m
[35m[HTTP][39m [37m-->[39m [37mPOST[39m [37m/wd/hub/session/21cc2108-994d-4f04-acc0-7c4264fbd6c6/touch/perform[39m
[35m[HTTP][39m [90m{"actions":[{"action":"tap","options":{"x":850,"y":550}},{"action":"wait","options":{"ms":50}}]}[39m
[35m[HTTP][39m [37m<-- POST /wd/hub/session/21cc2108-994d-4f04-acc0-7c4264fbd6c6/touch/perform [39m[32m200[39m [90m217 ms - 14[39m
[35m[HTTP][39m [90m[39m
[35m[HTTP][39m [37m-->[39m [37mPOST[39m [37m/wd/hub/session/21cc2108-994d-4f04-acc0-7c4264fbd6c6/timeouts[39m
[35m[HTTP][39m [90m{"implicit":50}[39m
[35m[HTTP][39m [37m<-- POST /wd/hub/session/21cc2108-994d-4f04-acc0-7c4264fbd6c6/timeouts [39m[32m200[39m [90m1 ms - 14[39m
[35m[HTTP][39m [90m[39m
[35m[HTTP][39m [37m-->[39m [37mGET[39m [37m/wd/hub/session/21cc2108-994d-4f04-acc0-7c4264fbd6c6/window/rect[39m
[35m[HTTP][39m [90m{}[39m
[35m[HTTP][39m [37m<-- GET /wd/hub/session/21cc2108-994d-4f04-acc0-7c4264fbd6c6/window/rect [39m[32m200[39m [90m8 ms - 50[39m
[35m[HTTP][39m [90m[39m
[35m[HTTP][39m [37m-->[39m [37mPOST[39m [37m/wd/hub/session/21cc2108-994d-4f04-acc0-7c4264fbd6c6/elements[39m
[35m[HTTP][39m [90m{"using":"xpath","value":"//hierarchy/android.widget.FrameLayout[1]/android.widget.LinearLayout[1]/android.widget.FrameLayout[1]/android.widget.LinearLayout[1]/android.widget.FrameLayout[1]/android.widget.RelativeLayout[1]/androidx.drawerlayout.widget.DrawerLayout[1]/android.widget.RelativeLayout[1]/android.widget.FrameLayout[1]/android.view.ViewGroup[1]/android.widget.RelativeLayout[2]/androidx.recyclerview.widget.RecyclerView[1]/android.widget.RelativeLayout[1]/android.widget.LinearLayout[2]/android.widget.ImageView[1][count(. | //*[@class = 'android.widget.ImageView' and @index = '0' and @resource-id = 'com.samsung.ecomm:id/product_image']) = count(//*[@class = 'android.widget.ImageView' and @index = '0' and @resource-id = 'com.samsung.ecomm:id/product_image'])]"}[39m
[35m[HTTP][39m [37m<-- POST /wd/hub/session/21cc2108-994d-4f04-acc0-7c4264fbd6c6/elements [39m[32m200[39m [90m182 ms - 139[39m
[35m[HTTP][39m [90m[39m
[35m[HTTP][39m [37m-->[39m [37mGET[39m [37m/wd/hub/session/21cc2108-994d-4f04-acc0-7c4264fbd6c6/element/00000000-0000-0117-ffff-ffff00000544/location[39m
[35m[HTTP][39m [90m{}[39m
[35m[W3C (21cc2108)][39m Driver proxy active, passing request on via HTTP proxy
[35m[WD Proxy][39m Replacing sessionId 9e50bd97-c08a-446a-abe2-b4d661738d75 with 21cc2108-994d-4f04-acc0-7c4264fbd6c6
[35m[HTTP][39m [37m<-- GET /wd/hub/session/21cc2108-994d-4f04-acc0-7c4264fbd6c6/element/00000000-0000-0117-ffff-ffff00000544/location [39m[32m200[39m [90m14 ms - 77[39m
[35m[HTTP][39m [90m[39m
[35m[HTTP][39m [37m-->[39m [37mPOST[39m [37m/wd/hub/session/21cc2108-994d-4f04-acc0-7c4264fbd6c6/timeouts[39m
[35m[HTTP][39m [90m{"implicit":30000}[39m
[35m[HTTP][39m [37m<-- POST /wd/hub/session/21cc2108-994d-4f04-acc0-7c4264fbd6c6/timeouts [39m[32m200[39m [90m1 ms - 14[39m
[35m[HTTP][39m [90m[39m
[35m[HTTP][39m [37m-->[39m [37mPOST[39m [37m/wd/hub/session/21cc2108-994d-4f04-acc0-7c4264fbd6c6/element/00000000-0000-0117-ffff-ffff00000544/click[39m
[35m[HTTP][39m [90m{"id":"00000000-0000-0117-ffff-ffff00000544"}[39m
[35m[HTTP][39m [37m<-- POST /wd/hub/session/21cc2108-994d-4f04-acc0-7c4264fbd6c6/element/00000000-0000-0117-ffff-ffff00000544/click [39m[32m200[39m [90m33 ms - 14[39m
[35m[HTTP][39m [90m[39m
[35m[HTTP][39m [37m-->[39m [37mPOST[39m [37m/wd/hub/session/21cc2108-994d-4f04-acc0-7c4264fbd6c6/timeouts[39m
[35m[HTTP][39m [90m{"implicit":50}[39m
[35m[HTTP][39m [37m<-- POST /wd/hub/session/21cc2108-994d-4f04-acc0-7c4264fbd6c6/timeouts [39m[32m200[39m [90m2 ms - 14[39m
[35m[HTTP][39m [90m[39m
[35m[HTTP][39m [37m-->[39m [37mGET[39m [37m/wd/hub/session/21cc2108-994d-4f04-acc0-7c4264fbd6c6/window/rect[39m
[35m[HTTP][39m [90m{}[39m
[35m[HTTP][39m [37m<-- GET /wd/hub/session/21cc2108-994d-4f04-acc0-7c4264fbd6c6/window/rect [39m[32m200[39m [90m8 ms - 50[39m
[35m[HTTP][39m [90m[39m
[35m[HTTP][39m [37m-->[39m [37mPOST[39m [37m/wd/hub/session/21cc2108-994d-4f04-acc0-7c4264fbd6c6/elements[39m
[35m[HTTP][39m [90m{"using":"xpath","value":"//*[@class = 'android.widget.TextView' and (@text = 'BUY NOW' or . = 'BUY NOW') and @resource-id = 'com.samsung.ecomm:id/start_configurator']"}[39m
[35m[HTTP][39m [37m<-- POST /wd/hub/session/21cc2108-994d-4f04-acc0-7c4264fbd6c6/elements [39m[32m200[39m [90m138 ms - 139[39m
[35m[HTTP][39m [90m[39m
[35m[HTTP][39m [37m-->[39m [37mGET[39m [37m/wd/hub/session/21cc2108-994d-4f04-acc0-7c4264fbd6c6/element/00000000-0000-0117-ffff-ffff0000070b/location[39m
[35m[HTTP][39m [90m{}[39m
[35m[W3C (21cc2108)][39m Driver proxy active, passing request on via HTTP proxy
[35m[WD Proxy][39m Replacing sessionId 9e50bd97-c08a-446a-abe2-b4d661738d75 with 21cc2108-994d-4f04-acc0-7c4264fbd6c6
[35m[HTTP][39m [37m<-- GET /wd/hub/session/21cc2108-994d-4f04-acc0-7c4264fbd6c6/element/00000000-0000-0117-ffff-ffff0000070b/location [39m[32m200[39m [90m16 ms - 77[39m
[35m[HTTP][39m [90m[39m
[35m[HTTP][39m [37m-->[39m [37mPOST[39m [37m/wd/hub/session/21cc2108-994d-4f04-acc0-7c4264fbd6c6/timeouts[39m
[35m[HTTP][39m [90m{"implicit":30000}[39m
[35m[HTTP][39m [37m<-- POST /wd/hub/session/21cc2108-994d-4f04-acc0-7c4264fbd6c6/timeouts [39m[32m200[39m [90m1 ms - 14[39m
[35m[HTTP][39m [90m[39m
[35m[HTTP][39m [37m-->[39m [37mPOST[39m [37m/wd/hub/session/21cc2108-994d-4f04-acc0-7c4264fbd6c6/element/00000000-0000-0117-ffff-ffff0000070b/click[39m
[35m[HTTP][39m [90m{"id":"00000000-0000-0117-ffff-ffff0000070b"}[39m
[35m[HTTP][39m [37m<-- POST /wd/hub/session/21cc2108-994d-4f04-acc0-7c4264fbd6c6/element/00000000-0000-0117-ffff-ffff0000070b/click [39m[32m200[39m [90m56 ms - 14[39m
[35m[HTTP][39m [90m[39m
[35m[HTTP][39m [37m-->[39m [37mGET[39m [37m/wd/hub/session/21cc2108-994d-4f04-acc0-7c4264fbd6c6/context[39m
[35m[HTTP][39m [90m{}[39m
[35m[HTTP][39m [37m<-- GET /wd/hub/session/21cc2108-994d-4f04-acc0-7c4264fbd6c6/context [39m[32m200[39m [90m1 ms - 22[39m
[35m[HTTP][39m [90m[39m
[35m[HTTP][39m [37m-->[39m [37mGET[39m [37m/wd/hub/session/21cc2108-994d-4f04-acc0-7c4264fbd6c6/contexts[39m
[35m[HTTP][39m [90m{}[39m
[35m[HTTP][39m [37m<-- GET /wd/hub/session/21cc2108-994d-4f04-acc0-7c4264fbd6c6/contexts [39m[32m200[39m [90m141 ms - 52[39m
[35m[HTTP][39m [90m[39m
[35m[HTTP][39m [37m-->[39m [37mPOST[39m [37m/wd/hub/session/21cc2108-994d-4f04-acc0-7c4264fbd6c6/context[39m
[35m[HTTP][39m [90m{"name":"NATIVE_APP"}[39m
[35m[HTTP][39m [37m<-- POST /wd/hub/session/21cc2108-994d-4f04-acc0-7c4264fbd6c6/context [39m[32m200[39m [90m1 ms - 14[39m
[35m[HTTP][39m [90m[39m
[35m[HTTP][39m [37m-->[39m [37mPOST[39m [37m/wd/hub/session/21cc2108-994d-4f04-acc0-7c4264fbd6c6/touch/perform[39m
[35m[HTTP][39m [90m{"actions":[{"action":"press","options":{"x":550,"y":1900}},{"action":"wait","options":{"ms":500}},{"action":"moveTo","options":{"x":550,"y":125}},{"action":"release","options":{}}]}[39m
[35m[HTTP][39m [37m<-- POST /wd/hub/session/21cc2108-994d-4f04-acc0-7c4264fbd6c6/touch/perform [39m[32m200[39m [90m1069 ms - 14[39m
[35m[HTTP][39m [90m[39m
[35m[HTTP][39m [37m-->[39m [37mPOST[39m [37m/wd/hub/session/21cc2108-994d-4f04-acc0-7c4264fbd6c6/context[39m
[35m[HTTP][39m [90m{"name":"NATIVE_APP"}[39m
[35m[HTTP][39m [37m<-- POST /wd/hub/session/21cc2108-994d-4f04-acc0-7c4264fbd6c6/context [39m[32m200[39m [90m1 ms - 14[39m
[35m[HTTP][39m [90m[39m
[35m[HTTP][39m [37m-->[39m [37mGET[39m [37m/wd/hub/session/21cc2108-994d-4f04-acc0-7c4264fbd6c6/context[39m
[35m[HTTP][39m [90m{}[39m
[35m[HTTP][39m [37m<-- GET /wd/hub/session/21cc2108-994d-4f04-acc0-7c4264fbd6c6/context [39m[32m200[39m [90m1 ms - 22[39m
[35m[HTTP][39m [90m[39m
[35m[HTTP][39m [37m-->[39m [37mGET[39m [37m/wd/hub/session/21cc2108-994d-4f04-acc0-7c4264fbd6c6/contexts[39m
[35m[HTTP][39m [90m{}[39m
[35m[HTTP][39m [37m<-- GET /wd/hub/session/21cc2108-994d-4f04-acc0-7c4264fbd6c6/contexts [39m[32m200[39m [90m134 ms - 52[39m
[35m[HTTP][39m [90m[39m
[35m[HTTP][39m [37m-->[39m [37mPOST[39m [37m/wd/hub/session/21cc2108-994d-4f04-acc0-7c4264fbd6c6/context[39m
[35m[HTTP][39m [90m{"name":"NATIVE_APP"}[39m
[35m[HTTP][39m [37m<-- POST /wd/hub/session/21cc2108-994d-4f04-acc0-7c4264fbd6c6/context [39m[32m200[39m [90m1 ms - 14[39m
[35m[HTTP][39m [90m[39m
[35m[HTTP][39m [37m-->[39m [37mPOST[39m [37m/wd/hub/session/21cc2108-994d-4f04-acc0-7c4264fbd6c6/touch/perform[39m
[35m[HTTP][39m [90m{"actions":[{"action":"press","options":{"x":550,"y":1900}},{"action":"wait","options":{"ms":500}},{"action":"moveTo","options":{"x":550,"y":250}},{"action":"release","options":{}}]}[39m
[35m[HTTP][39m [37m<-- POST /wd/hub/session/21cc2108-994d-4f04-acc0-7c4264fbd6c6/touch/perform [39m[32m200[39m [90m1001 ms - 14[39m
[35m[HTTP][39m [90m[39m
[35m[HTTP][39m [37m-->[39m [37mPOST[39m [37m/wd/hub/session/21cc2108-994d-4f04-acc0-7c4264fbd6c6/context[39m
[35m[HTTP][39m [90m{"name":"NATIVE_APP"}[39m
[35m[HTTP][39m [37m<-- POST /wd/hub/session/21cc2108-994d-4f04-acc0-7c4264fbd6c6/context [39m[32m200[39m [90m1 ms - 14[39m
[35m[HTTP][39m [90m[39m
[35m[HTTP][39m [37m-->[39m [37mPOST[39m [37m/wd/hub/session/21cc2108-994d-4f04-acc0-7c4264fbd6c6/timeouts[39m
[35m[HTTP][39m [90m{"implicit":50}[39m
[35m[HTTP][39m [37m<-- POST /wd/hub/session/21cc2108-994d-4f04-acc0-7c4264fbd6c6/timeouts [39m[32m200[39m [90m1 ms - 14[39m
[35m[HTTP][39m [90m[39m
[35m[HTTP][39m [37m-->[39m [37mGET[39m [37m/wd/hub/session/21cc2108-994d-4f04-acc0-7c4264fbd6c6/window/rect[39m
[35m[HTTP][39m [90m{}[39m
[35m[HTTP][39m [37m<-- GET /wd/hub/session/21cc2108-994d-4f04-acc0-7c4264fbd6c6/window/rect [39m[32m200[39m [90m8 ms - 50[39m
[35m[HTTP][39m [90m[39m
[35m[HTTP][39m [37m-->[39m [37mPOST[39m [37m/wd/hub/session/21cc2108-994d-4f04-acc0-7c4264fbd6c6/elements[39m
[35m[HTTP][39m [90m{"using":"xpath","value":"//hierarchy/android.widget.FrameLayout[1]/android.widget.LinearLayout[1]/android.widget.FrameLayout[1]/android.widget.LinearLayout[1]/android.widget.FrameLayout[1]/android.widget.RelativeLayout[1]/androidx.drawerlayout.widget.DrawerLayout[1]/android.widget.RelativeLayout[1]/android.widget.FrameLayout[1]/android.view.ViewGroup[1]/android.widget.RelativeLayout[1]/android.widget.FrameLayout[1]/android.webkit.WebView[1]/android.webkit.WebView[1]/android.view.View[2]/android.view.View[1]/android.view.View[1]/android.view.View[2]/android.view.View[1]/android.view.View[1]/android.view.View[10]/android.view.View[9]/android.view.View[1]/android.view.View[10]"}[39m
[35m[HTTP][39m [37m<-- POST /wd/hub/session/21cc2108-994d-4f04-acc0-7c4264fbd6c6/elements [39m[32m200[39m [90m118 ms - 12[39m
[35m[HTTP][39m [90m[39m
[35m[HTTP][39m [37m-->[39m [37mPOST[39m [37m/wd/hub/session/21cc2108-994d-4f04-acc0-7c4264fbd6c6/elements[39m
[35m[HTTP][39m [90m{"using":"xpath","value":"//hierarchy/android.widget.FrameLayout[1]/android.widget.LinearLayout[1]/android.widget.FrameLayout[1]/android.widget.LinearLayout[1]/android.widget.FrameLayout[1]/android.widget.RelativeLayout[1]/androidx.drawerlayout.widget.DrawerLayout[1]/android.widget.RelativeLayout[1]/android.widget.FrameLayout[1]/android.view.ViewGroup[1]/android.widget.RelativeLayout[1]/android.widget.FrameLayout[1]/android.webkit.WebView[1]/android.webkit.WebView[1]/android.view.View[2]/android.view.View[1]/android.view.View[1]/android.view.View[2]/android.view.View[1]/android.view.View[1]/android.view.View[10]/android.view.View[9]/android.view.View[1]/android.view.View[10]"}[39m
[35m[HTTP][39m [37m<-- POST /wd/hub/session/21cc2108-994d-4f04-acc0-7c4264fbd6c6/elements [39m[32m200[39m [90m811 ms - 139[39m
[35m[HTTP][39m [90m[39m
[35m[HTTP][39m [37m-->[39m [37mGET[39m [37m/wd/hub/session/21cc2108-994d-4f04-acc0-7c4264fbd6c6/element/00000000-0000-0117-0000-0108000008f0/location[39m
[35m[HTTP][39m [90m{}[39m
[35m[W3C (21cc2108)][39m Driver proxy active, passing request on via HTTP proxy
[35m[WD Proxy][39m Replacing sessionId 9e50bd97-c08a-446a-abe2-b4d661738d75 with 21cc2108-994d-4f04-acc0-7c4264fbd6c6
[35m[HTTP][39m [37m<-- GET /wd/hub/session/21cc2108-994d-4f04-acc0-7c4264fbd6c6/element/00000000-0000-0117-0000-0108000008f0/location [39m[32m200[39m [90m467 ms - 78[39m
[35m[HTTP][39m [90m[39m
[35m[HTTP][39m [37m-->[39m [37mPOST[39m [37m/wd/hub/session/21cc2108-994d-4f04-acc0-7c4264fbd6c6/timeouts[39m
[35m[HTTP][39m [90m{"implicit":30000}[39m
[35m[HTTP][39m [37m<-- POST /wd/hub/session/21cc2108-994d-4f04-acc0-7c4264fbd6c6/timeouts [39m[32m200[39m [90m1 ms - 14[39m
[35m[HTTP][39m [90m[39m
[35m[HTTP][39m [37m-->[39m [37mPOST[39m [37m/wd/hub/session/21cc2108-994d-4f04-acc0-7c4264fbd6c6/element/00000000-0000-0117-0000-0108000008f0/click[39m
[35m[HTTP][39m [90m{"id":"00000000-0000-0117-0000-0108000008f0"}[39m
[35m[HTTP][39m [37m<-- POST /wd/hub/session/21cc2108-994d-4f04-acc0-7c4264fbd6c6/element/00000000-0000-0117-0000-0108000008f0/click [39m[32m200[39m [90m42 ms - 14[39m
[35m[HTTP][39m [90m[39m
[35m[HTTP][39m [37m-->[39m [37mPOST[39m [37m/wd/hub/session/21cc2108-994d-4f04-acc0-7c4264fbd6c6/touch/perform[39m
[35m[HTTP][39m [90m{"actions":[{"action":"tap","options":{"x":830,"y":2130}},{"action":"wait","options":{"ms":50}}]}[39m
[35m[HTTP][39m [37m<-- POST /wd/hub/session/21cc2108-994d-4f04-acc0-7c4264fbd6c6/touch/perform [39m[32m200[39m [90m203 ms - 14[39m
[35m[HTTP][39m [90m[39m
[35m[HTTP][39m [37m-->[39m [37mPOST[39m [37m/wd/hub/session/21cc2108-994d-4f04-acc0-7c4264fbd6c6/touch/perform[39m
[35m[HTTP][39m [90m{"actions":[{"action":"tap","options":{"x":330,"y":2170}},{"action":"wait","options":{"ms":50}}]}[39m
[35m[HTTP][39m [37m<-- POST /wd/hub/session/21cc2108-994d-4f04-acc0-7c4264fbd6c6/touch/perform [39m[32m200[39m [90m201 ms - 14[39m
[35m[HTTP][39m [90m[39m
[35m[HTTP][39m [37m-->[39m [37mPOST[39m [37m/wd/hub/session/21cc2108-994d-4f04-acc0-7c4264fbd6c6/timeouts[39m
[35m[HTTP][39m [90m{"implicit":50}[39m
[35m[HTTP][39m [37m<-- POST /wd/hub/session/21cc2108-994d-4f04-acc0-7c4264fbd6c6/timeouts [39m[32m200[39m [90m1 ms - 14[39m
[35m[HTTP][39m [90m[39m
[35m[HTTP][39m [37m-->[39m [37mGET[39m [37m/wd/hub/session/21cc2108-994d-4f04-acc0-7c4264fbd6c6/window/rect[39m
[35m[HTTP][39m [90m{}[39m
[35m[HTTP][39m [37m<-- GET /wd/hub/session/21cc2108-994d-4f04-acc0-7c4264fbd6c6/window/rect [39m[32m200[39m [90m9 ms - 50[39m
[35m[HTTP][39m [90m[39m
[35m[HTTP][39m [37m-->[39m [37mPOST[39m [37m/wd/hub/session/21cc2108-994d-4f04-acc0-7c4264fbd6c6/elements[39m
[35m[HTTP][39m [90m{"using":"xpath","value":"//*[@class = 'android.widget.TextView' and @index = '0' and (@text = 'CHECKOUT' or . = 'CHECKOUT') and @resource-id = 'com.samsung.ecomm:id/express_checkout_label']"}[39m
[35m[HTTP][39m [37m<-- POST /wd/hub/session/21cc2108-994d-4f04-acc0-7c4264fbd6c6/elements [39m[32m200[39m [90m170 ms - 139[39m
[35m[HTTP][39m [90m[39m
[35m[HTTP][39m [37m-->[39m [37mGET[39m [37m/wd/hub/session/21cc2108-994d-4f04-acc0-7c4264fbd6c6/element/00000000-0000-0117-ffff-ffff000008fa/location[39m
[35m[HTTP][39m [90m{}[39m
[35m[W3C (21cc2108)][39m Driver proxy active, passing request on via HTTP proxy
[35m[WD Proxy][39m Replacing sessionId 9e50bd97-c08a-446a-abe2-b4d661738d75 with 21cc2108-994d-4f04-acc0-7c4264fbd6c6
[35m[HTTP][39m [37m<-- GET /wd/hub/session/21cc2108-994d-4f04-acc0-7c4264fbd6c6/element/00000000-0000-0117-ffff-ffff000008fa/location [39m[32m200[39m [90m14 ms - 79[39m
[35m[HTTP][39m [90m[39m
[35m[HTTP][39m [37m-->[39m [37mPOST[39m [37m/wd/hub/session/21cc2108-994d-4f04-acc0-7c4264fbd6c6/timeouts[39m
[35m[HTTP][39m [90m{"implicit":30000}[39m
[35m[HTTP][39m [37m<-- POST /wd/hub/session/21cc2108-994d-4f04-acc0-7c4264fbd6c6/timeouts [39m[32m200[39m [90m1 ms - 14[39m
[35m[HTTP][39m [90m[39m
[35m[HTTP][39m [37m-->[39m [37mPOST[39m [37m/wd/hub/session/21cc2108-994d-4f04-acc0-7c4264fbd6c6/element/00000000-0000-0117-ffff-ffff000008fa/click[39m
[35m[HTTP][39m [90m{"id":"00000000-0000-0117-ffff-ffff000008fa"}[39m
[35m[HTTP][39m [37m<-- POST /wd/hub/session/21cc2108-994d-4f04-acc0-7c4264fbd6c6/element/00000000-0000-0117-ffff-ffff000008fa/click [39m[32m200[39m [90m38 ms - 14[39m
[35m[HTTP][39m [90m[39m
[35m[HTTP][39m [37m-->[39m [37mPOST[39m [37m/wd/hub/session/21cc2108-994d-4f04-acc0-7c4264fbd6c6/timeouts[39m
[35m[HTTP][39m [90m{"implicit":50}[39m
[35m[HTTP][39m [37m<-- POST /wd/hub/session/21cc2108-994d-4f04-acc0-7c4264fbd6c6/timeouts [39m[32m200[39m [90m1 ms - 14[39m
[35m[HTTP][39m [90m[39m
[35m[HTTP][39m [37m-->[39m [37mGET[39m [37m/wd/hub/session/21cc2108-994d-4f04-acc0-7c4264fbd6c6/window/rect[39m
[35m[HTTP][39m [90m{}[39m
[35m[HTTP][39m [37m<-- GET /wd/hub/session/21cc2108-994d-4f04-acc0-7c4264fbd6c6/window/rect [39m[32m200[39m [90m9 ms - 50[39m
[35m[HTTP][39m [90m[39m
[35m[HTTP][39m [37m-->[39m [37mPOST[39m [37m/wd/hub/session/21cc2108-994d-4f04-acc0-7c4264fbd6c6/elements[39m
[35m[HTTP][39m [90m{"using":"xpath","value":"//*[@class = 'android.widget.TextView' and (@text = 'CHECKOUT' or . = 'CHECKOUT')]"}[39m
[35m[HTTP][39m [37m<-- POST /wd/hub/session/21cc2108-994d-4f04-acc0-7c4264fbd6c6/elements [39m[32m200[39m [90m97 ms - 139[39m
[35m[HTTP][39m [90m[39m
[35m[HTTP][39m [37m-->[39m [37mGET[39m [37m/wd/hub/session/21cc2108-994d-4f04-acc0-7c4264fbd6c6/element/00000000-0000-0117-ffff-ffff000004d5/location[39m
[35m[HTTP][39m [90m{}[39m
[35m[W3C (21cc2108)][39m Driver proxy active, passing request on via HTTP proxy
[35m[WD Proxy][39m Replacing sessionId 9e50bd97-c08a-446a-abe2-b4d661738d75 with 21cc2108-994d-4f04-acc0-7c4264fbd6c6
[35m[HTTP][39m [37m<-- GET /wd/hub/session/21cc2108-994d-4f04-acc0-7c4264fbd6c6/element/00000000-0000-0117-ffff-ffff000004d5/location [39m[32m200[39m [90m15 ms - 78[39m
[35m[HTTP][39m [90m[39m
[35m[HTTP][39m [37m-->[39m [37mPOST[39m [37m/wd/hub/session/21cc2108-994d-4f04-acc0-7c4264fbd6c6/timeouts[39m
[35m[HTTP][39m [90m{"implicit":30000}[39m
[35m[HTTP][39m [37m<-- POST /wd/hub/session/21cc2108-994d-4f04-acc0-7c4264fbd6c6/timeouts [39m[32m200[39m [90m1 ms - 14[39m
[35m[HTTP][39m [90m[39m
[35m[HTTP][39m [37m-->[39m [37mGET[39m [37m/wd/hub/session/21cc2108-994d-4f04-acc0-7c4264fbd6c6/element/00000000-0000-0117-ffff-ffff000004d5/text[39m
[35m[HTTP][39m [90m{}[39m
[35m[W3C (21cc2108)][39m Driver proxy active, passing request on via HTTP proxy
[35m[WD Proxy][39m Replacing sessionId 9e50bd97-c08a-446a-abe2-b4d661738d75 with 21cc2108-994d-4f04-acc0-7c4264fbd6c6
[35m[HTTP][39m [37m<-- GET /wd/hub/session/21cc2108-994d-4f04-acc0-7c4264fbd6c6/element/00000000-0000-0117-ffff-ffff000004d5/text [39m[32m200[39m [90m13 ms - 71[39m
[35m[HTTP][39m [90m[39m
[35m[HTTP][39m [37m-->[39m [37mDELETE[39m [37m/wd/hub/session/21cc2108-994d-4f04-acc0-7c4264fbd6c6[39m
[35m[HTTP][39m [90m{}[39m
[35m[Appium][39m Removing session 21cc2108-994d-4f04-acc0-7c4264fbd6c6 from our master session list
[35m[UiAutomator2][39m Restoring hidden api policy to the device default configuration
[35m[HTTP][39m [37m<-- DELETE /wd/hub/session/21cc2108-994d-4f04-acc0-7c4264fbd6c6 [39m[32m200[39m [90m190 ms - 14[39m
[35m[HTTP][39m [90m[39m
